<?xml version="1.0" encoding="UTF-8"?>
<!-- Generated by org.testng.reporters.JUnitReportReporter -->
<testsuite skipped="1" hostname="DESKTOP-SKU8GVG" name="com.cedric.testcases.LoginTest" tests="2" failures="0" timestamp="2019-08-01T15:37:39 CAT" time="14.121" errors="1">
  <testcase name="setUp" time="14.121" classname="com.cedric.testcases.LoginTest">
    <error type="java.lang.NumberFormatException" message="null">
      <![CDATA[java.lang.NumberFormatException: null
at java.lang.Integer.parseInt(Integer.java:542)
at java.lang.Integer.parseInt(Integer.java:615)
at com.cedric.base.TestBase.setUp(TestBase.java:84)
at sun.reflect.NativeMethodAccessorImpl.invoke0(Native Method)
at sun.reflect.NativeMethodAccessorImpl.invoke(NativeMethodAccessorImpl.java:62)
at sun.reflect.DelegatingMethodAccessorImpl.invoke(DelegatingMethodAccessorImpl.java:43)
at java.lang.reflect.Method.invoke(Method.java:498)
at org.testng.internal.MethodInvocationHelper.invokeMethod(MethodInvocationHelper.java:133)
at org.testng.internal.MethodInvocationHelper.invokeMethodConsideringTimeout(MethodInvocationHelper.java:62)
at org.testng.internal.ConfigInvoker.invokeConfigurationMethod(ConfigInvoker.java:340)
at org.testng.internal.ConfigInvoker.invokeConfigurations(ConfigInvoker.java:294)
at org.testng.SuiteRunner.privateRun(SuiteRunner.java:345)
at org.testng.SuiteRunner.run(SuiteRunner.java:304)
at org.testng.SuiteRunnerWorker.runSuite(SuiteRunnerWorker.java:53)
at org.testng.SuiteRunnerWorker.run(SuiteRunnerWorker.java:96)
at org.testng.TestNG.runSuitesSequentially(TestNG.java:1180)
at org.testng.TestNG.runSuitesLocally(TestNG.java:1102)
at org.testng.TestNG.runSuites(TestNG.java:1032)
at org.testng.TestNG.run(TestNG.java:1000)
at org.testng.remote.AbstractRemoteTestNG.run(AbstractRemoteTestNG.java:115)
at org.testng.remote.RemoteTestNG.initAndRun(RemoteTestNG.java:251)
at org.testng.remote.RemoteTestNG.main(RemoteTestNG.java:77)
]]>
    </error>
  </testcase> <!-- setUp -->
  <testcase name="loginAsBankManager" time="0.000" classname="com.cedric.testcases.LoginTest">
    <skipped/>
  </testcase> <!-- loginAsBankManager -->
</testsuite> <!-- com.cedric.testcases.LoginTest -->
